<?xml version="1.0" encoding="UTF-8"?>
<!-- Generated by org.testng.reporters.JUnitXMLReporter -->
<testsuite ignored="0" hostname="ticvictech" failures="0" tests="3" name="Default test" time="1.541" errors="0" timestamp="2023-01-11T12:42:27 IST">
  <testcase classname="Testng.Tutorialtestng" name="username" time="0.161"/>
  <testcase classname="Testng.Tutorialtestng" name="uname" time="0.076"/>
  <testcase classname="Testng.Tutorialtestng" name="password" time="0.111"/>
</testsuite> <!-- Default test -->
