<?xml version="1.0" encoding="UTF-8"?>
<testng-results ignored="0" total="3" passed="3" failed="0" skipped="0">
  <reporter-output>
  </reporter-output>
  <suite started-at="2023-01-11T12:42:26 IST" name="Default suite" finished-at="2023-01-11T12:42:27 IST" duration-ms="1541">
    <groups>
    </groups>
    <test started-at="2023-01-11T12:42:26 IST" name="Default test" finished-at="2023-01-11T12:42:27 IST" duration-ms="1541">
      <class name="Testng.Tutorialtestng">
        <test-method is-config="true" signature="chrome()[pri:0, instance:Testng.Tutorialtestng@313b2ea6]" started-at="2023-01-11T12:42:24 IST" name="chrome" finished-at="2023-01-11T12:42:26 IST" duration-ms="1363" status="PASS">
          <reporter-output>
          </reporter-output>
        </test-method> <!-- chrome -->
        <test-method is-config="true" signature="openbrowser()[pri:0, instance:Testng.Tutorialtestng@313b2ea6]" started-at="2023-01-11T12:42:26 IST" name="openbrowser" finished-at="2023-01-11T12:42:27 IST" duration-ms="1081" status="PASS">
          <reporter-output>
          </reporter-output>
        </test-method> <!-- openbrowser -->
        <test-method signature="username()[pri:0, instance:Testng.Tutorialtestng@313b2ea6]" started-at="2023-01-11T12:42:27 IST" name="username" finished-at="2023-01-11T12:42:27 IST" duration-ms="161" status="PASS">
          <reporter-output>
          </reporter-output>
        </test-method> <!-- username -->
        <test-method signature="uname()[pri:1, instance:Testng.Tutorialtestng@313b2ea6]" started-at="2023-01-11T12:42:27 IST" name="uname" finished-at="2023-01-11T12:42:27 IST" duration-ms="76" status="PASS">
          <reporter-output>
          </reporter-output>
        </test-method> <!-- uname -->
        <test-method signature="password()[pri:2, instance:Testng.Tutorialtestng@313b2ea6]" started-at="2023-01-11T12:42:27 IST" name="password" finished-at="2023-01-11T12:42:27 IST" duration-ms="111" status="PASS">
          <reporter-output>
          </reporter-output>
        </test-method> <!-- password -->
        <test-method is-config="true" signature="done()[pri:0, instance:Testng.Tutorialtestng@313b2ea6]" started-at="2023-01-11T12:42:27 IST" name="done" finished-at="2023-01-11T12:42:27 IST" duration-ms="66" status="PASS">
          <reporter-output>
          </reporter-output>
        </test-method> <!-- done -->
        <test-method is-config="true" signature="closee()[pri:0, instance:Testng.Tutorialtestng@313b2ea6]" started-at="2023-01-11T12:42:27 IST" name="closee" finished-at="2023-01-11T12:42:27 IST" duration-ms="120" status="PASS">
          <reporter-output>
          </reporter-output>
        </test-method> <!-- closee -->
      </class> <!-- Testng.Tutorialtestng -->
    </test> <!-- Default test -->
  </suite> <!-- Default suite -->
</testng-results>
